********************************************************************************
PACKAGE-LOG: 2014-08-24 21:03:38
NOTICE: Do NOT post to public sites or forums 
********************************************************************************
VERSION:	0.5.6
WORDPRESS:	3.9.2
PHP INFO:	5.5.10 | SAPI: apache2handler
SERVER:		Apache/2.2.26 (Unix) mod_fastcgi/2.4.6 mod_wsgi/3.4 Python/2.7.6 PHP/5.5.10 mod_ssl/2.2.26 OpenSSL/0.9.8y DAV/2 mod_perl/2.0.8 Perl/v5.18.2 
PHP TIME LIMIT: (0) no time limit imposed 
PHP MAX MEMORY: 5000M (128M default) 

********************************************************************************
DATABASE:
********************************************************************************
BUILD MODE:   PHP
MYSQLDUMP:    Not Supported
MYSQLTIMEOUT: 5000 
TABLES: total:12 | filtered:0 | create:12 
FILTERED: [] 
wp_commentmeta (0) 
wp_comments (1) 
wp_duplicator_packages (2) 
wp_links (0) 
wp_options (154) 
wp_postmeta (503) 
wp_posts (125) 
wp_term_relationships (30) 
wp_term_taxonomy (16) 
wp_terms (15) 
wp_usermeta (25) 
wp_users (1) 
SQL CREATED: 20140813_idea_website_53fa52360a95f6625140824205934_database.sql 
SQL FILE SIZE: 519.72KB 
SQL RUNTIME: 0.07 sec. 

******************************************************************************** 
ARCHIVE (ZIP): 
******************************************************************************** 
ARCHIVE DIR:  /Applications/MAMP/htdocs/idea 
ARCHIVE FILE: 20140813_idea_website_53fa52360a95f6625140824205934_archive.zip 
FILTERS: *OFF* 
DIRS:  not set 
EXTS:  not set 
---------------------------------------- 
COMPRESSING 
SIZE:	49.08MB 
STATS:	Dirs 475 | Files 3,776 | Links 0 
SQL ADDED: 20140813_idea_website_53fa52360a95f6625140824205934_database.sql 
WARNING: Unable to zip directory: '/Applications/MAMP/htdocs/idea' 
ZipArchive Object
(
    [status] => 0
    [statusSys] => 0
    [numFiles] => 4251
    [filename] => /Applications/MAMP/htdocs/idea/wp-snapshots/tmp/20140813_idea_website_53fa52360a95f6625140824205934_archive.zip
    [comment] => 
)
 
COMPRESSION RESULT: '1' 
COMPRESSED SIZE: 33.24MB 
ARCHIVE RUNTIME: 5.49 sec. 

******************************************************************************** 
INSTALLER: 
******************************************************************************** 
INSTALLER FILE: Build Start 
INSTALLER FILE: Build Finished 
INSTALLER FILE: Preping for use 
INSTALLER FILE: Template parsed with new data 
INSTALLER FILE: Complete [/Applications/MAMP/htdocs/idea/wp-snapshots/tmp/20140813_idea_website_53fa52360a95f6625140824205934_installer.php] 
INSTALLER FILE: Added to archive 

********************************************************************************
RECORD ID:[2]
FILE SIZE: Archive:33.24MB | SQL:519.72KB | Installer:413.97KB
TOTAL PROCESS RUNTIME: 6.55 sec.
DONE PROCESSING => 20140813_idea_website 2014-08-24 21:03:44
********************************************************************************
 
