********************************************************************************
PACKAGE-LOG: 2014-08-13 21:44:01
NOTICE: Do NOT post to public sites or forums 
********************************************************************************
VERSION:	0.5.6
WORDPRESS:	3.9.2
PHP INFO:	5.5.10 | SAPI: apache2handler
SERVER:		Apache/2.2.26 (Unix) mod_fastcgi/2.4.6 mod_wsgi/3.4 Python/2.7.6 PHP/5.5.10 mod_ssl/2.2.26 OpenSSL/0.9.8y DAV/2 mod_perl/2.0.8 Perl/v5.18.2 
PHP TIME LIMIT: (0) no time limit imposed 
PHP MAX MEMORY: 5000M (128M default) 

********************************************************************************
DATABASE:
********************************************************************************
BUILD MODE:   PHP
MYSQLDUMP:    Not Supported
MYSQLTIMEOUT: 5000 
TABLES: total:12 | filtered:0 | create:12 
FILTERED: [] 
wp_commentmeta (0) 
wp_comments (1) 
wp_duplicator_packages (1) 
wp_links (0) 
wp_options (145) 
wp_postmeta (417) 
wp_posts (100) 
wp_term_relationships (19) 
wp_term_taxonomy (8) 
wp_terms (8) 
wp_usermeta (23) 
wp_users (1) 
SQL CREATED: 20140813_idea_website_53ebdaad062e36117140813213749_database.sql 
SQL FILE SIZE: 433.75KB 
SQL RUNTIME: 0.13 sec. 

******************************************************************************** 
ARCHIVE (ZIP): 
******************************************************************************** 
ARCHIVE DIR:  /Applications/MAMP/htdocs/idea 
ARCHIVE FILE: 20140813_idea_website_53ebdaad062e36117140813213749_archive.zip 
FILTERS: *OFF* 
DIRS:  not set 
EXTS:  not set 
---------------------------------------- 
COMPRESSING 
SIZE:	23.28MB 
STATS:	Dirs 170 | Files 1,471 | Links 0 
SQL ADDED: 20140813_idea_website_53ebdaad062e36117140813213749_database.sql 
WARNING: Unable to zip directory: '/Applications/MAMP/htdocs/idea' 
ZipArchive Object
(
    [status] => 0
    [statusSys] => 0
    [numFiles] => 1641
    [filename] => /Applications/MAMP/htdocs/idea/wp-snapshots/tmp/20140813_idea_website_53ebdaad062e36117140813213749_archive.zip
    [comment] => 
)
 
COMPRESSION RESULT: '1' 
COMPRESSED SIZE: 9.88MB 
ARCHIVE RUNTIME: 8.78 sec. 

******************************************************************************** 
INSTALLER: 
******************************************************************************** 
INSTALLER FILE: Build Start 
INSTALLER FILE: Build Finished 
INSTALLER FILE: Preping for use 
INSTALLER FILE: Template parsed with new data 
INSTALLER FILE: Complete [/Applications/MAMP/htdocs/idea/wp-snapshots/tmp/20140813_idea_website_53ebdaad062e36117140813213749_installer.php] 
INSTALLER FILE: Added to archive 

********************************************************************************
RECORD ID:[1]
FILE SIZE: Archive:9.88MB | SQL:433.75KB | Installer:413.97KB
TOTAL PROCESS RUNTIME: 9.93 sec.
DONE PROCESSING => 20140813_idea_website 2014-08-13 21:44:11
********************************************************************************
 
